0 info it worked if it ends with ok
1 verbose cli [ '/usr/local/bin/node', '/bin/npm', 'start' ]
2 info using npm@3.10.10
3 info using node@v6.11.0
4 verbose run-script [ 'prestart', 'start', 'poststart' ]
5 info lifecycle react-app@0.0.1~prestart: react-app@0.0.1
6 silly lifecycle react-app@0.0.1~prestart: no script for prestart, continuing
7 info lifecycle react-app@0.0.1~start: react-app@0.0.1
8 verbose lifecycle react-app@0.0.1~start: unsafe-perm in lifecycle true
9 verbose lifecycle react-app@0.0.1~start: PATH: /usr/lib/node_modules/npm/bin/node-gyp-bin:/home/vagrant/workspace/notebook/ui/reactjs/node_modules/.bin:/usr/local/apache-maven-3.3.9/bin:/usr/local/eclipse/bin:/usr/local/apache-maven-3.3.9/bin:/usr/local/eclipse/bin:/usr/lib64/qt-3.3/bin:/usr/local/bin:/bin:/usr/bin:/usr/local/sbin:/usr/sbin:/home/vagrant/.local/bin:/home/vagrant/bin
10 verbose lifecycle react-app@0.0.1~start: CWD: /home/vagrant/workspace/notebook/ui/reactjs
11 silly lifecycle react-app@0.0.1~start: Args: [ '-c', 'webpack-dev-server' ]
12 info lifecycle react-app@0.0.1~start: Failed to exec start script
13 verbose stack Error: react-app@0.0.1 start: `webpack-dev-server`
13 verbose stack spawn ENOENT
13 verbose stack     at ChildProcess.<anonymous> (/usr/lib/node_modules/npm/lib/utils/spawn.js:33:16)
13 verbose stack     at emitTwo (events.js:106:13)
13 verbose stack     at ChildProcess.emit (events.js:191:7)
13 verbose stack     at maybeClose (internal/child_process.js:891:16)
13 verbose stack     at Process.ChildProcess._handle.onexit (internal/child_process.js:226:5)
14 verbose pkgid react-app@0.0.1
15 verbose cwd /home/vagrant/workspace/notebook/ui/reactjs
16 error Linux 3.10.0-514.26.2.el7.x86_64
17 error argv "/usr/local/bin/node" "/bin/npm" "start"
18 error node v6.11.0
19 error npm  v3.10.10
20 error file sh
21 error code ELIFECYCLE
22 error errno ENOENT
23 error syscall spawn
24 error react-app@0.0.1 start: `webpack-dev-server`
24 error spawn ENOENT
25 error Failed at the react-app@0.0.1 start script 'webpack-dev-server'.
25 error Make sure you have the latest version of node.js and npm installed.
25 error If you do, this is most likely a problem with the react-app package,
25 error not with npm itself.
25 error Tell the author that this fails on your system:
25 error     webpack-dev-server
25 error You can get information on how to open an issue for this project with:
25 error     npm bugs react-app
25 error Or if that isn't available, you can get their info via:
25 error     npm owner ls react-app
25 error There is likely additional logging output above.
26 verbose exit [ 1, true ]
